________________________________________________________________________________________________________________________________
bafybeibme332zkdpkd23ogwpftvo26vnvjxtyyzijs6dynno73ogqzkaqm
________________________________________________________________________________________________________________________________
                                                                                                                MeKuboRmPin.ico
    bafybeicjgq47eyuppbjsmyxxdag43wst6ba7aggsd2uejwlyfovly3224e
________________________________________________________________________________________________________________________________
                                                                                                                  MeKuboWidgets
    bafybeihjmzfsd4bzp4jvrim2v76wo7cckfnvwcb4nez26t2mr6ojbjk5ge
________________________________________________________________________________________________________________________________
                                                                                                                    MeKuboRmPin
        bafybeienzcolwoapq623gk535vtgy6wzxjptfuwjd2j5jyqnetxadbq2d4
________________________________________________________________________________________________________________________________
                                                                                                                MeKuboRmPin.exe
            bafybeibwpmtvpg6xvncymernpllnqw5gxmzoeivw3vvwwbkc2rs5xikweu
________________________________________________________________________________________________________________________________
                                                                                                                 MeKuboRmPin.py
            bafybeif4ydrl7wgfro55ag23ngzkcgipvnb4kln5v7lsa6xzedca5fg6fi
________________________________________________________________________________________________________________________________
                                                                                                                            zoo
            bafybeifuj7rqasejbo4t5cv4q4fjplhgag3fjbeg7pk2ueanaweqj2a2sm
________________________________________________________________________________________________________________________________
                                                                                                                     2paths.ini
                bafybeifj46gk32yiuwe5vrvthiasmfj43jn6pscmtlwqivagayheypyxre
________________________________________________________________________________________________________________________________
